<?xml version="1.0" encoding="UTF-8"?>
<!-- Generated by org.testng.reporters.JUnitReportReporter -->
<testsuite skipped="0" hostname="DESKTOP-RKLJECA" name="test.testPage2" tests="1" failures="0" timestamp="2022-08-28T15:00:32 CDT" time="3.188" errors="0">
  <testcase name="validUserShouldBelandonPage" time="3.188" classname="test.testPage2"/>
  <system-out/>
</testsuite> <!-- test.testPage2 -->
