<?xml version="1.0" encoding="UTF-8"?>
<!-- Generated by org.testng.reporters.JUnitReportReporter -->
<testsuite skipped="0" hostname="DESKTOP-RKLJECA" name="test.ThirdTestCase" tests="1" failures="0" timestamp="2022-09-05T00:24:55 CDT" time="3.116" errors="0">
  <testcase name="validUserShouldBelandonPage" time="3.116" classname="test.ThirdTestCase"/>
  <system-out/>
</testsuite> <!-- test.ThirdTestCase -->
