<?xml version="1.0" encoding="UTF-8"?>
<!-- Generated by org.testng.reporters.JUnitReportReporter -->
<testsuite skipped="0" hostname="DESKTOP-RKLJECA" name="test.testPage" tests="1" failures="0" timestamp="2022-08-28T15:03:05 CDT" time="2.815" errors="0">
  <testcase name="validUserShouldBelandonPage" time="2.815" classname="test.testPage"/>
  <system-out/>
</testsuite> <!-- test.testPage -->
