<?xml version="1.0" encoding="UTF-8"?>
<!-- Generated by org.testng.reporters.JUnitReportReporter -->
<testsuite skipped="0" hostname="DESKTOP-RKLJECA" name="test.SecondTestPage" tests="1" failures="0" timestamp="2022-09-05T00:25:55 CDT" time="5.851" errors="0">
  <testcase name="validUserShouldBelandonPage" time="5.851" classname="test.SecondTestPage"/>
  <system-out/>
</testsuite> <!-- test.SecondTestPage -->
