<?xml version="1.0" encoding="UTF-8"?>
<!-- Generated by org.testng.reporters.JUnitReportReporter -->
<testsuite skipped="0" hostname="DESKTOP-RKLJECA" name="test.FirstTestPage" tests="1" failures="0" timestamp="2022-09-04T23:27:33 CDT" time="6.554" errors="0">
  <testcase name="validUserShouldBelandonPage" time="6.554" classname="test.FirstTestPage"/>
  <system-out/>
</testsuite> <!-- test.FirstTestPage -->
